<?xml version="1.0" encoding="UTF-8"?>
<!-- Generated by org.testng.reporters.JUnitXMLReporter -->
<testsuite hostname="PERMYAKOVA" ignored="0" name="Surefire test" tests="28" failures="2" timestamp="2019-11-28T16:07:28 YEKT" time="2.813" errors="0">
  <testcase name="savePerson on savePerson(controller.PersonCarControllerTest)" time="0.568" classname="controller.PersonCarControllerTest">
    <failure type="java.lang.IllegalStateException" message="Failed to load ApplicationContext">
      <![CDATA[java.lang.IllegalStateException: Failed to load ApplicationContext
at org.springframework.test.context.cache.DefaultCacheAwareContextLoaderDelegate.loadContext(DefaultCacheAwareContextLoaderDelegate.java:125)
at org.springframework.test.context.support.DefaultTestContext.getApplicationContext(DefaultTestContext.java:108)
at org.springframework.test.context.web.ServletTestExecutionListener.setUpRequestContextIfNecessary(ServletTestExecutionListener.java:190)
at org.springframework.test.context.web.ServletTestExecutionListener.prepareTestInstance(ServletTestExecutionListener.java:132)
at org.springframework.test.context.TestContextManager.prepareTestInstance(TestContextManager.java:246)
at org.springframework.test.context.junit4.SpringJUnit4ClassRunner.createTest(SpringJUnit4ClassRunner.java:227)
at org.springframework.test.context.junit4.SpringJUnit4ClassRunner$1.runReflectiveCall(SpringJUnit4ClassRunner.java:289)
at org.junit.internal.runners.model.ReflectiveCallable.run(ReflectiveCallable.java:12)
at org.springframework.test.context.junit4.SpringJUnit4ClassRunner.methodBlock(SpringJUnit4ClassRunner.java:291)
at org.springframework.test.context.junit4.SpringJUnit4ClassRunner.runChild(SpringJUnit4ClassRunner.java:246)
at org.springframework.test.context.junit4.SpringJUnit4ClassRunner.runChild(SpringJUnit4ClassRunner.java:97)
at org.junit.runners.ParentRunner$3.run(ParentRunner.java:290)
at org.junit.runners.ParentRunner$1.schedule(ParentRunner.java:71)
at org.junit.runners.ParentRunner.runChildren(ParentRunner.java:288)
at org.junit.runners.ParentRunner.access$000(ParentRunner.java:58)
at org.junit.runners.ParentRunner$2.evaluate(ParentRunner.java:268)
at org.springframework.test.context.junit4.statements.RunBeforeTestClassCallbacks.evaluate(RunBeforeTestClassCallbacks.java:61)
at org.springframework.test.context.junit4.statements.RunAfterTestClassCallbacks.evaluate(RunAfterTestClassCallbacks.java:70)
at org.junit.runners.ParentRunner.run(ParentRunner.java:363)
at org.springframework.test.context.junit4.SpringJUnit4ClassRunner.run(SpringJUnit4ClassRunner.java:190)
at org.junit.runner.JUnitCore.run(JUnitCore.java:137)
at org.junit.runner.JUnitCore.run(JUnitCore.java:115)
at java.util.ArrayList.forEach(ArrayList.java:1257)
Caused by: org.springframework.beans.factory.UnsatisfiedDependencyException: Error creating bean with name 'personCarController': Unsatisfied dependency expressed through field 'personCarService'; nested exception is org.springframework.beans.factory.NoSuchBeanDefinitionException: No qualifying bean of type 'service.PersonCarService' available: expected at least 1 bean which qualifies as autowire candidate. Dependency annotations: {@org.springframework.beans.factory.annotation.Autowired(required=true)}
at org.springframework.beans.factory.annotation.AutowiredAnnotationBeanPostProcessor$AutowiredFieldElement.inject(AutowiredAnnotationBeanPostProcessor.java:639)
at org.springframework.beans.factory.annotation.InjectionMetadata.inject(InjectionMetadata.java:116)
at org.springframework.beans.factory.annotation.AutowiredAnnotationBeanPostProcessor.postProcessProperties(AutowiredAnnotationBeanPostProcessor.java:397)
at org.springframework.beans.factory.support.AbstractAutowireCapableBeanFactory.populateBean(AbstractAutowireCapableBeanFactory.java:1429)
at org.springframework.beans.factory.support.AbstractAutowireCapableBeanFactory.doCreateBean(AbstractAutowireCapableBeanFactory.java:594)
at org.springframework.beans.factory.support.AbstractAutowireCapableBeanFactory.createBean(AbstractAutowireCapableBeanFactory.java:517)
at org.springframework.beans.factory.support.AbstractBeanFactory.lambda$doGetBean$0(AbstractBeanFactory.java:323)
at org.springframework.beans.factory.support.DefaultSingletonBeanRegistry.getSingleton(DefaultSingletonBeanRegistry.java:222)
at org.springframework.beans.factory.support.AbstractBeanFactory.doGetBean(AbstractBeanFactory.java:321)
at org.springframework.beans.factory.support.AbstractBeanFactory.getBean(AbstractBeanFactory.java:202)
at org.springframework.beans.factory.support.DefaultListableBeanFactory.preInstantiateSingletons(DefaultListableBeanFactory.java:879)
at org.springframework.context.support.AbstractApplicationContext.finishBeanFactoryInitialization(AbstractApplicationContext.java:878)
at org.springframework.context.support.AbstractApplicationContext.refresh(AbstractApplicationContext.java:550)
at org.springframework.boot.SpringApplication.refresh(SpringApplication.java:744)
at org.springframework.boot.SpringApplication.refreshContext(SpringApplication.java:391)
at org.springframework.boot.SpringApplication.run(SpringApplication.java:312)
at org.springframework.boot.test.context.SpringBootContextLoader.loadContext(SpringBootContextLoader.java:120)
at org.springframework.test.context.cache.DefaultCacheAwareContextLoaderDelegate.loadContextInternal(DefaultCacheAwareContextLoaderDelegate.java:99)
at org.springframework.test.context.cache.DefaultCacheAwareContextLoaderDelegate.loadContext(DefaultCacheAwareContextLoaderDelegate.java:117)
... 46 more
Caused by: org.springframework.beans.factory.NoSuchBeanDefinitionException: No qualifying bean of type 'service.PersonCarService' available: expected at least 1 bean which qualifies as autowire candidate. Dependency annotations: {@org.springframework.beans.factory.annotation.Autowired(required=true)}
at org.springframework.beans.factory.support.DefaultListableBeanFactory.raiseNoMatchingBeanFound(DefaultListableBeanFactory.java:1695)
at org.springframework.beans.factory.support.DefaultListableBeanFactory.doResolveDependency(DefaultListableBeanFactory.java:1253)
at org.springframework.beans.factory.support.DefaultListableBeanFactory.resolveDependency(DefaultListableBeanFactory.java:1207)
at org.springframework.beans.factory.annotation.AutowiredAnnotationBeanPostProcessor$AutowiredFieldElement.inject(AutowiredAnnotationBeanPostProcessor.java:636)
... 64 more
... Removed 24 stack frames]]>
    </failure>
  </testcase> <!-- savePerson on savePerson(controller.PersonCarControllerTest) -->
  <testcase name="getSession on getSession(dao.PersonCarDaoImplTest)" time="1.877" classname="dao.PersonCarDaoImplTest"/>
  <testcase name="getStatistics on getStatistics(dao.PersonCarDaoImplTest)" time="1.877" classname="dao.PersonCarDaoImplTest"/>
  <testcase name="clear on clear(dao.PersonCarDaoImplTest)" time="1.877" classname="dao.PersonCarDaoImplTest"/>
  <testcase name="testSavePerson on testSavePerson(dao.PersonCarDaoImplTest)" time="1.924" classname="dao.PersonCarDaoImplTest"/>
  <testcase name="testSaveCar on testSaveCar(dao.PersonCarDaoImplTest)" time="1.924" classname="dao.PersonCarDaoImplTest">
    <failure type="java.lang.NullPointerException">
      <![CDATA[java.lang.NullPointerException
at dao.PersonCarDaoImplTest.testSaveCar(PersonCarDaoImplTest.java:60)
at org.junit.runners.model.FrameworkMethod$1.runReflectiveCall(FrameworkMethod.java:50)
at org.junit.internal.runners.model.ReflectiveCallable.run(ReflectiveCallable.java:12)
at org.junit.runners.model.FrameworkMethod.invokeExplosively(FrameworkMethod.java:47)
at org.junit.internal.runners.statements.InvokeMethod.evaluate(InvokeMethod.java:17)
at org.springframework.test.context.junit4.statements.RunBeforeTestExecutionCallbacks.evaluate(RunBeforeTestExecutionCallbacks.java:74)
at org.springframework.test.context.junit4.statements.RunAfterTestExecutionCallbacks.evaluate(RunAfterTestExecutionCallbacks.java:84)
at org.springframework.test.context.junit4.statements.RunBeforeTestMethodCallbacks.evaluate(RunBeforeTestMethodCallbacks.java:75)
at org.springframework.test.context.junit4.statements.RunAfterTestMethodCallbacks.evaluate(RunAfterTestMethodCallbacks.java:86)
at org.springframework.test.context.junit4.statements.SpringRepeat.evaluate(SpringRepeat.java:84)
at org.junit.runners.ParentRunner.runLeaf(ParentRunner.java:325)
at org.springframework.test.context.junit4.SpringJUnit4ClassRunner.runChild(SpringJUnit4ClassRunner.java:251)
at org.springframework.test.context.junit4.SpringJUnit4ClassRunner.runChild(SpringJUnit4ClassRunner.java:97)
at org.junit.runners.ParentRunner$3.run(ParentRunner.java:290)
at org.junit.runners.ParentRunner$1.schedule(ParentRunner.java:71)
at org.junit.runners.ParentRunner.runChildren(ParentRunner.java:288)
at org.junit.runners.ParentRunner.access$000(ParentRunner.java:58)
at org.junit.runners.ParentRunner$2.evaluate(ParentRunner.java:268)
at org.springframework.test.context.junit4.statements.RunBeforeTestClassCallbacks.evaluate(RunBeforeTestClassCallbacks.java:61)
at org.springframework.test.context.junit4.statements.RunAfterTestClassCallbacks.evaluate(RunAfterTestClassCallbacks.java:70)
at org.junit.runners.ParentRunner.run(ParentRunner.java:363)
at org.springframework.test.context.junit4.SpringJUnit4ClassRunner.run(SpringJUnit4ClassRunner.java:190)
at org.junit.runner.JUnitCore.run(JUnitCore.java:137)
at org.junit.runner.JUnitCore.run(JUnitCore.java:115)
at java.util.ArrayList.forEach(ArrayList.java:1257)
... Removed 28 stack frames]]>
    </failure>
  </testcase> <!-- testSaveCar on testSaveCar(dao.PersonCarDaoImplTest) -->
  <testcase name="showPersonsCars on showPersonsCars(dao.PersonCarDaoImplTest)" time="1.94" classname="dao.PersonCarDaoImplTest"/>
  <testcase name="setPersonByPersonId on setPersonByPersonId(entities.CarTest)" time="0.0" classname="entities.CarTest"/>
  <testcase name="getPersonByPersonId on getPersonByPersonId(entities.CarTest)" time="0.0" classname="entities.CarTest"/>
  <testcase name="getId on getId(entities.CarTest)" time="0.0" classname="entities.CarTest"/>
  <testcase name="setId on setId(entities.CarTest)" time="0.0" classname="entities.CarTest"/>
  <testcase name="obtainVendor on obtainVendor(entities.CarTest)" time="0.0" classname="entities.CarTest"/>
  <testcase name="getHorsepower on getHorsepower(entities.CarTest)" time="0.0" classname="entities.CarTest"/>
  <testcase name="testHashCode on testHashCode(entities.CarTest)" time="0.0" classname="entities.CarTest"/>
  <testcase name="testEquals on testEquals(entities.CarTest)" time="0.0" classname="entities.CarTest"/>
  <testcase name="setModel on setModel(entities.CarTest)" time="0.0" classname="entities.CarTest"/>
  <testcase name="setHorsepower on setHorsepower(entities.CarTest)" time="0.0" classname="entities.CarTest"/>
  <testcase name="getModel on getModel(entities.CarTest)" time="0.0" classname="entities.CarTest"/>
  <testcase name="getPersonsCars on getPersonsCars(entities.PersonWithCarsTest)" time="0.0" classname="entities.PersonWithCarsTest"/>
  <testcase name="setPerson on setPerson(entities.PersonWithCarsTest)" time="0.0" classname="entities.PersonWithCarsTest"/>
  <testcase name="getPerson on getPerson(entities.PersonWithCarsTest)" time="0.0" classname="entities.PersonWithCarsTest"/>
  <testcase name="setPersonsCars on setPersonsCars(entities.PersonWithCarsTest)" time="0.0" classname="entities.PersonWithCarsTest"/>
  <testcase name="setUniquevendorcount on setUniquevendorcount(entities.StatisticsTest)" time="0.0" classname="entities.StatisticsTest"/>
  <testcase name="getUniquevendorcount on getUniquevendorcount(entities.StatisticsTest)" time="0.0" classname="entities.StatisticsTest"/>
  <testcase name="getPersoncount on getPersoncount(entities.StatisticsTest)" time="0.0" classname="entities.StatisticsTest"/>
  <testcase name="setPersoncount on setPersoncount(entities.StatisticsTest)" time="0.0" classname="entities.StatisticsTest"/>
  <testcase name="setCarcount on setCarcount(entities.StatisticsTest)" time="0.0" classname="entities.StatisticsTest"/>
  <testcase name="getCarcount on getCarcount(entities.StatisticsTest)" time="0.0" classname="entities.StatisticsTest"/>
</testsuite> <!-- Surefire test -->
